Fri Jan 15 21:13:44 2021
>> CREATE TABLE test_table3(Fields1 INT,Fields2 VARCHAR(200)) engine=innodb;
Fri Jan 15 21:13:44 2021
>> DROP TABLE test_table3;
Fri Jan 15 21:13:44 2021
>> SELECT * FROM test_table2;
Fri Jan 15 21:13:44 2021
>> DESC test_table2;
Fri Jan 15 21:13:44 2021
>> CREATE DATABASE example;
Fri Jan 15 21:13:44 2021
>> DROP DATABASE example;
Fri Jan 15 21:16:04 2021
>> CREATE TABLE test_table3(Fields1 INT,Fields2 VARCHAR(200)) engine=innodb;
Fri Jan 15 21:16:04 2021
>> DROP TABLE test_table3;
Fri Jan 15 21:16:04 2021
>> SELECT * FROM test_table2;
Fri Jan 15 21:16:04 2021
>> DESC test_table2;
Fri Jan 15 21:16:04 2021
>> CREATE DATABASE example;
Fri Jan 15 21:16:04 2021
>> DROP DATABASE example;
Fri Jan 15 21:16:27 2021
>> CREATE TABLE test_table3(Fields1 INT,Fields2 VARCHAR(200)) engine=innodb;
Fri Jan 15 21:16:27 2021
>> DROP TABLE test_table3;
Fri Jan 15 21:16:27 2021
>> SELECT * FROM test_table2;
Fri Jan 15 21:16:27 2021
>> DESC test_table2;
Fri Jan 15 21:16:27 2021
>> CREATE DATABASE example;
Fri Jan 15 21:16:27 2021
>> DROP DATABASE example;
Fri Jan 15 21:17:08 2021
>> CREATE TABLE test_table3(Fields1 INT,Fields2 VARCHAR(200)) engine=innodb;
Fri Jan 15 21:17:08 2021
>> DROP TABLE test_table3;
Fri Jan 15 21:17:08 2021
>> SELECT * FROM test_table2;
Fri Jan 15 21:17:08 2021
>> DESC test_table2;
Fri Jan 15 21:17:08 2021
>> CREATE DATABASE example;
Fri Jan 15 21:17:08 2021
>> DROP DATABASE example;
Fri Jan 15 21:17:31 2021
>> CREATE TABLE test_table3(Fields1 INT,Fields2 VARCHAR(200)) engine=innodb;
Fri Jan 15 21:17:31 2021
>> DROP TABLE test_table3;
Fri Jan 15 21:17:31 2021
>> SELECT * FROM test_table2;
Fri Jan 15 21:17:31 2021
>> DESC test_table2;
Fri Jan 15 21:17:31 2021
>> CREATE DATABASE example;
Fri Jan 15 21:17:31 2021
>> DROP DATABASE example;
Fri Jan 15 21:17:44 2021
>> CREATE TABLE test_table3(Fields1 INT,Fields2 VARCHAR(200)) engine=innodb;
Fri Jan 15 21:17:44 2021
>> DROP TABLE test_table3;
Fri Jan 15 21:17:44 2021
>> SELECT * FROM test_table2;
Fri Jan 15 21:17:44 2021
>> DESC test_table2;
Fri Jan 15 21:17:44 2021
>> CREATE DATABASE example;
Fri Jan 15 21:17:44 2021
>> DROP DATABASE example;
Fri Jan 15 21:18:22 2021
>> CREATE TABLE test_table3(Fields1 INT,Fields2 VARCHAR(200)) engine=innodb;
Fri Jan 15 21:18:22 2021
>> DROP TABLE test_table3;
Fri Jan 15 21:18:22 2021
>> SELECT * FROM test_table2;
Fri Jan 15 21:18:22 2021
>> DESC test_table2;
Fri Jan 15 21:18:22 2021
>> CREATE DATABASE example;
Fri Jan 15 21:18:22 2021
>> DROP DATABASE example;
Fri Jan 15 21:18:42 2021
>> CREATE TABLE test_table3(Fields1 INT,Fields2 VARCHAR(200)) engine=innodb;
Fri Jan 15 21:18:42 2021
>> DROP TABLE test_table3;
Fri Jan 15 21:18:42 2021
>> SELECT * FROM test_table2;
Fri Jan 15 21:18:42 2021
>> DESC test_table2;
Fri Jan 15 21:18:42 2021
>> CREATE DATABASE example;
Fri Jan 15 21:18:42 2021
>> DROP DATABASE example;
Fri Jan 15 21:23:44 2021
>> CREATE TABLE test_table3(Fields1 INT,Fields2 VARCHAR(200)) engine=innodb;
Fri Jan 15 21:23:44 2021
>> DROP TABLE test_table3;
Fri Jan 15 21:23:44 2021
>> SELECT * FROM test_table2;
Fri Jan 15 21:23:44 2021
>> DESC test_table2;
Fri Jan 15 21:23:44 2021
>> CREATE DATABASE example;
Fri Jan 15 21:23:44 2021
>> DROP DATABASE example;
Fri Jan 15 21:23:53 2021
>> CREATE TABLE test_table3(Fields1 INT,Fields2 VARCHAR(200)) engine=innodb;
Fri Jan 15 21:23:53 2021
>> DROP TABLE test_table3;
Fri Jan 15 21:23:53 2021
>> SELECT * FROM test_table2;
Fri Jan 15 21:23:53 2021
>> DESC test_table2;
Fri Jan 15 21:23:53 2021
>> CREATE DATABASE example;
Fri Jan 15 21:23:53 2021
>> DROP DATABASE example;
Fri Jan 15 21:24:35 2021
>> CREATE TABLE test_table3(Fields1 INT,Fields2 VARCHAR(200)) engine=innodb;
Fri Jan 15 21:24:35 2021
>> DROP TABLE test_table3;
Fri Jan 15 21:24:35 2021
>> SELECT * FROM test_table2;
Fri Jan 15 21:24:35 2021
>> DESC test_table2;
Fri Jan 15 21:24:35 2021
>> CREATE DATABASE example;
Fri Jan 15 21:24:35 2021
>> DROP DATABASE example;
Fri Jan 15 21:25:28 2021
>> CREATE TABLE test_table3(Fields1 INT,Fields2 VARCHAR(200)) engine=innodb;
Fri Jan 15 21:25:28 2021
>> DROP TABLE test_table3;
Fri Jan 15 21:25:28 2021
>> SELECT * FROM test_table2;
Fri Jan 15 21:25:28 2021
>> DESC test_table2;
Fri Jan 15 21:25:28 2021
>> CREATE DATABASE example;
Fri Jan 15 21:25:28 2021
>> DROP DATABASE example;
